<?xml version="1.0" encoding="UTF-8"?>
<testng-results ignored="0" total="1" passed="1" failed="0" skipped="0">
  <reporter-output>
  </reporter-output>
  <suite started-at="2021-07-27T16:35:43 BST" name="Default suite" finished-at="2021-07-27T16:35:53 BST" duration-ms="9655">
    <groups>
    </groups>
    <test started-at="2021-07-27T16:35:43 BST" name="Default test" finished-at="2021-07-27T16:35:53 BST" duration-ms="9655">
      <class name="GreenKartTestCases.selectVegetables">
        <test-method signature="addVegetables()[pri:0, instance:GreenKartTestCases.selectVegetables@40e6dfe1]" started-at="2021-07-27T16:35:43 BST" name="addVegetables" finished-at="2021-07-27T16:35:53 BST" duration-ms="9579" status="PASS">
          <reporter-output>
          </reporter-output>
        </test-method> <!-- addVegetables -->
      </class> <!-- GreenKartTestCases.selectVegetables -->
    </test> <!-- Default test -->
  </suite> <!-- Default suite -->
</testng-results>
